  [1m[35m (162.5ms)[0m  [1m[35mCREATE DATABASE "can_t_Shut_app_development" ENCODING = 'unicode'[0m
  [1m[35m (62.9ms)[0m  [1m[35mCREATE DATABASE "can_t_Shut_app_test" ENCODING = 'unicode'[0m
  [1m[35m (2.1ms)[0m  [1m[35mCREATE DATABASE "can_t_Shut_app_development" ENCODING = 'unicode'[0m
  [1m[35m (0.3ms)[0m  [1m[35mCREATE DATABASE "can_t_Shut_app_test" ENCODING = 'unicode'[0m
  [1m[35m (38.5ms)[0m  [1m[35mCREATE TABLE "schema_migrations" ("version" character varying NOT NULL PRIMARY KEY)[0m
  [1m[35m (22.0ms)[0m  [1m[35mCREATE TABLE "ar_internal_metadata" ("key" character varying NOT NULL PRIMARY KEY, "value" character varying, "created_at" timestamp(6) NOT NULL, "updated_at" timestamp(6) NOT NULL)[0m
  [1m[35m (6.3ms)[0m  [1m[34mSELECT pg_try_advisory_lock(1065588418166270460)[0m
  [1m[35m (0.5ms)[0m  [1m[34mSELECT "schema_migrations"."version" FROM "schema_migrations" ORDER BY "schema_migrations"."version" ASC[0m
Migrating to CreateUsers (20200714213057)
  [1m[35m (0.1ms)[0m  [1m[35mBEGIN[0m
  [1m[35m (30.6ms)[0m  [1m[35mCREATE TABLE "users" ("id" bigserial primary key, "username" character varying, "password_digest" character varying, "img" text, "created_at" timestamp(6) NOT NULL, "updated_at" timestamp(6) NOT NULL)[0m
  [1m[36mprimary::SchemaMigration Create (0.5ms)[0m  [1m[32mINSERT INTO "schema_migrations" ("version") VALUES ($1) RETURNING "version"[0m  [["version", "20200714213057"]]
  [1m[35m (1.1ms)[0m  [1m[35mCOMMIT[0m
Migrating to CreateTopics (20200714213119)
  [1m[35m (5.8ms)[0m  [1m[35mBEGIN[0m
  [1m[35m (19.4ms)[0m  [1m[35mCREATE TABLE "topics" ("id" bigserial primary key, "name" character varying, "created_at" timestamp(6) NOT NULL, "updated_at" timestamp(6) NOT NULL)[0m
  [1m[36mprimary::SchemaMigration Create (0.2ms)[0m  [1m[32mINSERT INTO "schema_migrations" ("version") VALUES ($1) RETURNING "version"[0m  [["version", "20200714213119"]]
  [1m[35m (0.5ms)[0m  [1m[35mCOMMIT[0m
Migrating to CreateMessages (20200714213136)
  [1m[35m (6.0ms)[0m  [1m[35mBEGIN[0m
  [1m[35m (30.2ms)[0m  [1m[35mCREATE TABLE "messages" ("id" bigserial primary key, "content" character varying, "topic_id" bigint NOT NULL, "user_id" bigint NOT NULL, "created_at" timestamp(6) NOT NULL, "updated_at" timestamp(6) NOT NULL, CONSTRAINT "fk_rails_584995af46"
FOREIGN KEY ("topic_id")
  REFERENCES "topics" ("id")
, CONSTRAINT "fk_rails_273a25a7a6"
FOREIGN KEY ("user_id")
  REFERENCES "users" ("id")
)[0m
  [1m[35m (1.0ms)[0m  [1m[35mCREATE  INDEX  "index_messages_on_topic_id" ON "messages"  ("topic_id")[0m
  [1m[35m (0.9ms)[0m  [1m[35mCREATE  INDEX  "index_messages_on_user_id" ON "messages"  ("user_id")[0m
  [1m[36mprimary::SchemaMigration Create (0.2ms)[0m  [1m[32mINSERT INTO "schema_migrations" ("version") VALUES ($1) RETURNING "version"[0m  [["version", "20200714213136"]]
  [1m[35m (1.2ms)[0m  [1m[35mCOMMIT[0m
  [1m[36mActiveRecord::InternalMetadata Load (0.3ms)[0m  [1m[34mSELECT "ar_internal_metadata".* FROM "ar_internal_metadata" WHERE "ar_internal_metadata"."key" = $1 LIMIT $2[0m  [["key", "environment"], ["LIMIT", 1]]
  [1m[35m (0.2ms)[0m  [1m[35mBEGIN[0m
  [1m[36mActiveRecord::InternalMetadata Create (2.0ms)[0m  [1m[32mINSERT INTO "ar_internal_metadata" ("key", "value", "created_at", "updated_at") VALUES ($1, $2, $3, $4) RETURNING "key"[0m  [["key", "environment"], ["value", "development"], ["created_at", "2020-07-14 21:52:41.299821"], ["updated_at", "2020-07-14 21:52:41.299821"]]
  [1m[35m (6.3ms)[0m  [1m[35mCOMMIT[0m
  [1m[35m (0.2ms)[0m  [1m[34mSELECT pg_advisory_unlock(1065588418166270460)[0m
  [1m[35m (0.4ms)[0m  [1m[34mSELECT "schema_migrations"."version" FROM "schema_migrations" ORDER BY "schema_migrations"."version" ASC[0m
  [1m[35m (0.5ms)[0m  [1m[34mSELECT "schema_migrations"."version" FROM "schema_migrations" ORDER BY "schema_migrations"."version" ASC[0m
  [1m[36mUser Load (2.4ms)[0m  [1m[34mSELECT "users".* FROM "users"[0m
  [1m[36mTopic Load (2.6ms)[0m  [1m[34mSELECT "topics".* FROM "topics"[0m
  [1m[36mMessage Load (12.9ms)[0m  [1m[34mSELECT "messages".* FROM "messages"[0m
  [1m[35m (0.1ms)[0m  [1m[35mBEGIN[0m
  [1m[36mUser Exists? (0.4ms)[0m  [1m[34mSELECT 1 AS one FROM "users" WHERE "users"."username" = $1 LIMIT $2[0m  [["username", "gmac"], ["LIMIT", 1]]
  [1m[36mUser Create (11.3ms)[0m  [1m[32mINSERT INTO "users" ("username", "password_digest", "img", "created_at", "updated_at") VALUES ($1, $2, $3, $4, $5) RETURNING "id"[0m  [["username", "gmac"], ["password_digest", "$2a$12$8OY5Bi1Z5oFhrB8jGNJmBuz/IK05uqVgX/Yq4EYxNBQzRX.YLQzCe"], ["img", "https://i.imgur.com/jKlqby6.png"], ["created_at", "2020-07-14 22:24:10.906742"], ["updated_at", "2020-07-14 22:24:10.906742"]]
  [1m[35m (10.3ms)[0m  [1m[35mCOMMIT[0m
  [1m[35m (0.2ms)[0m  [1m[35mBEGIN[0m
  [1m[36mUser Exists? (0.3ms)[0m  [1m[34mSELECT 1 AS one FROM "users" WHERE "users"."username" = $1 LIMIT $2[0m  [["username", "mike1"], ["LIMIT", 1]]
  [1m[36mUser Create (0.2ms)[0m  [1m[32mINSERT INTO "users" ("username", "password_digest", "img", "created_at", "updated_at") VALUES ($1, $2, $3, $4, $5) RETURNING "id"[0m  [["username", "mike1"], ["password_digest", "$2a$12$oOObbIjcfv4sijWj2lcmkOIlqerFYL5mWdLlCXtTZIpojpO7wuKqy"], ["img", "https://images.unsplash.com/photo-1594533136556-5e46506f63cf?ixlib=rb-1.2.1&ixid=eyJhcHBfaWQiOjEyMDd9&auto=format&fit=crop&w=1301&q=80"], ["created_at", "2020-07-14 22:24:11.156190"], ["updated_at", "2020-07-14 22:24:11.156190"]]
  [1m[35m (0.6ms)[0m  [1m[35mCOMMIT[0m
  [1m[35m (0.2ms)[0m  [1m[35mBEGIN[0m
  [1m[36mTopic Create (6.7ms)[0m  [1m[32mINSERT INTO "topics" ("name", "created_at", "updated_at") VALUES ($1, $2, $3) RETURNING "id"[0m  [["name", "Baseball"], ["created_at", "2020-07-14 22:24:11.163333"], ["updated_at", "2020-07-14 22:24:11.163333"]]
  [1m[35m (5.9ms)[0m  [1m[35mCOMMIT[0m
  [1m[35m (0.1ms)[0m  [1m[35mBEGIN[0m
  [1m[36mTopic Create (0.2ms)[0m  [1m[32mINSERT INTO "topics" ("name", "created_at", "updated_at") VALUES ($1, $2, $3) RETURNING "id"[0m  [["name", "hunterXhunter"], ["created_at", "2020-07-14 22:24:11.179866"], ["updated_at", "2020-07-14 22:24:11.179866"]]
  [1m[35m (6.5ms)[0m  [1m[35mCOMMIT[0m
  [1m[35m (0.2ms)[0m  [1m[35mBEGIN[0m
  [1m[36mTopic Load (0.2ms)[0m  [1m[34mSELECT "topics".* FROM "topics" WHERE "topics"."id" = $1 LIMIT $2[0m  [["id", 1], ["LIMIT", 1]]
  [1m[36mUser Load (0.2ms)[0m  [1m[34mSELECT "users".* FROM "users" WHERE "users"."id" = $1 LIMIT $2[0m  [["id", 1], ["LIMIT", 1]]
  [1m[36mMessage Create (12.5ms)[0m  [1m[32mINSERT INTO "messages" ("content", "topic_id", "user_id", "created_at", "updated_at") VALUES ($1, $2, $3, $4, $5) RETURNING "id"[0m  [["content", "The houston astros are cheaters, sure hope every pitcher gets to take a shot at Altuve."], ["topic_id", 1], ["user_id", 1], ["created_at", "2020-07-14 22:24:11.222479"], ["updated_at", "2020-07-14 22:24:11.222479"]]
  [1m[35m (6.3ms)[0m  [1m[35mCOMMIT[0m
  [1m[35m (0.2ms)[0m  [1m[35mBEGIN[0m
  [1m[36mTopic Load (0.6ms)[0m  [1m[34mSELECT "topics".* FROM "topics" WHERE "topics"."id" = $1 LIMIT $2[0m  [["id", 1], ["LIMIT", 1]]
  [1m[36mUser Load (0.7ms)[0m  [1m[34mSELECT "users".* FROM "users" WHERE "users"."id" = $1 LIMIT $2[0m  [["id", 2], ["LIMIT", 1]]
  [1m[36mMessage Create (0.4ms)[0m  [1m[32mINSERT INTO "messages" ("content", "topic_id", "user_id", "created_at", "updated_at") VALUES ($1, $2, $3, $4, $5) RETURNING "id"[0m  [["content", "Regardless of cheating, the Yankees are the best team in baseball and are going to win the world series."], ["topic_id", 1], ["user_id", 2], ["created_at", "2020-07-14 22:24:11.252369"], ["updated_at", "2020-07-14 22:24:11.252369"]]
  [1m[35m (5.2ms)[0m  [1m[35mCOMMIT[0m
  [1m[35m (0.2ms)[0m  [1m[35mBEGIN[0m
  [1m[36mTopic Load (0.2ms)[0m  [1m[34mSELECT "topics".* FROM "topics" WHERE "topics"."id" = $1 LIMIT $2[0m  [["id", 1], ["LIMIT", 1]]
  [1m[36mUser Load (0.2ms)[0m  [1m[34mSELECT "users".* FROM "users" WHERE "users"."id" = $1 LIMIT $2[0m  [["id", 1], ["LIMIT", 1]]
  [1m[36mMessage Create (0.3ms)[0m  [1m[32mINSERT INTO "messages" ("content", "topic_id", "user_id", "created_at", "updated_at") VALUES ($1, $2, $3, $4, $5) RETURNING "id"[0m  [["content", "Torres is the man!!"], ["topic_id", 1], ["user_id", 1], ["created_at", "2020-07-14 22:24:11.265468"], ["updated_at", "2020-07-14 22:24:11.265468"]]
  [1m[35m (5.5ms)[0m  [1m[35mCOMMIT[0m
  [1m[35m (0.1ms)[0m  [1m[35mBEGIN[0m
  [1m[36mTopic Load (0.2ms)[0m  [1m[34mSELECT "topics".* FROM "topics" WHERE "topics"."id" = $1 LIMIT $2[0m  [["id", 2], ["LIMIT", 1]]
  [1m[36mUser Load (0.2ms)[0m  [1m[34mSELECT "users".* FROM "users" WHERE "users"."id" = $1 LIMIT $2[0m  [["id", 2], ["LIMIT", 1]]
  [1m[36mMessage Create (0.3ms)[0m  [1m[32mINSERT INTO "messages" ("content", "topic_id", "user_id", "created_at", "updated_at") VALUES ($1, $2, $3, $4, $5) RETURNING "id"[0m  [["content", "Killua is faster than Gong"], ["topic_id", 2], ["user_id", 2], ["created_at", "2020-07-14 22:24:11.279697"], ["updated_at", "2020-07-14 22:24:11.279697"]]
  [1m[35m (6.3ms)[0m  [1m[35mCOMMIT[0m
  [1m[35m (0.1ms)[0m  [1m[35mBEGIN[0m
  [1m[36mTopic Load (0.2ms)[0m  [1m[34mSELECT "topics".* FROM "topics" WHERE "topics"."id" = $1 LIMIT $2[0m  [["id", 2], ["LIMIT", 1]]
  [1m[36mUser Load (0.1ms)[0m  [1m[34mSELECT "users".* FROM "users" WHERE "users"."id" = $1 LIMIT $2[0m  [["id", 1], ["LIMIT", 1]]
  [1m[36mMessage Create (0.3ms)[0m  [1m[32mINSERT INTO "messages" ("content", "topic_id", "user_id", "created_at", "updated_at") VALUES ($1, $2, $3, $4, $5) RETURNING "id"[0m  [["content", "But Gong is the stronger of the two"], ["topic_id", 2], ["user_id", 1], ["created_at", "2020-07-14 22:24:11.292966"], ["updated_at", "2020-07-14 22:24:11.292966"]]
  [1m[35m (0.4ms)[0m  [1m[35mCOMMIT[0m
